<?xml version="1.0" encoding="UTF-8"?>
<!-- Generated by org.testng.reporters.JUnitReportReporter -->
<testsuite hostname="Admin-PC" failures="0" tests="1" name="com.mystore.testcases.LogInPageTest" time="24.102" errors="0" timestamp="2022-02-04T11:37:39 IST" skipped="0">
  <testcase classname="com.mystore.testcases.LogInPageTest" name="logInTest" time="24.102"/>
  <system-out/>
</testsuite> <!-- com.mystore.testcases.LogInPageTest -->
