<?xml version="1.0" encoding="UTF-8"?>
<!-- Generated by org.testng.reporters.JUnitReportReporter -->
<testsuite hostname="Admin-PC" failures="0" tests="1" name="com.mystore.testcases.LogInPageTest" time="108.929" errors="0" timestamp="2022-02-04T19:23:30 IST" skipped="0">
  <testcase classname="com.mystore.testcases.LogInPageTest" name="logInTest" time="108.929"/>
  <system-out/>
</testsuite> <!-- com.mystore.testcases.LogInPageTest -->
